<?xml version="1.0" encoding="UTF-8"?>
<!-- Generated by org.testng.reporters.JUnitReportReporter -->
<testsuite hostname="muhsina" failures="0" tests="1" name="test.Product_test" time="126.795" errors="0" timestamp="2024-11-07T11:03:42 IST" skipped="0">
  <testcase classname="test.Product_test" name="verifyLoginWithValidCread" time="126.795"/>
  <system-out/>
</testsuite> <!-- test.Product_test -->
