<?xml version="1.0" encoding="UTF-8"?>
<!-- Generated by org.testng.reporters.JUnitReportReporter -->
<testsuite hostname="muhsina" failures="0" tests="1" name="test.Checkout_test" time="5.920" errors="0" timestamp="2024-11-07T19:11:19 IST" skipped="0">
  <testcase classname="test.Checkout_test" name="verifyLoginWithValidCread" time="5.920"/>
  <system-out/>
</testsuite> <!-- test.Checkout_test -->
