<?xml version="1.0" encoding="UTF-8"?>
<!-- Generated by org.testng.reporters.JUnitReportReporter -->
<testsuite hostname="muhsina" failures="0" tests="1" name="test.Login_test" time="5.708" errors="0" timestamp="2024-11-06T19:40:57 IST" skipped="0">
  <testcase classname="test.Login_test" name="verifyLoginWithValidCread" time="5.708"/>
  <system-out/>
</testsuite> <!-- test.Login_test -->
